--- SCADA SYSTEM DAILY LOGS: 2025-12-22 ---
Generated at: 21:42:34
--------------------------------------------------

[2025-12-22 21:38:54] Safety Lock Trigger: Lock: TRIPPED (Emergency Stop)
[2025-12-22 21:38:38] Safety Lock Trigger: Lock: Normal
[2025-12-22 21:38:34] Safety Lock Trigger: Lock: TRIPPED (Emergency Stop)
[2025-12-22 21:38:26] Injection Change: Injection rate increased 2 ml/min
[2025-12-22 21:38:26] Injection Change: Injection rate increased 2 ml/min
[2025-12-22 21:38:20] Tank Refill: Backup Tank refill (at 78%)
[2025-12-22 21:38:13] System Alert: Switched to Backup Tank
[2025-12-22 21:38:12] Safety Lock Trigger: Lock: TRIPPED (Emergency Stop)
[2025-12-22 21:38:05] Safety Lock Trigger: Lock: Normal
[2025-12-22 21:37:52] Safety Lock Trigger: Lock: TRIPPED (Emergency Stop)
[2025-12-22 21:37:43] Tank Refill: Main Tank refill (at 90%)
[2025-12-22 21:37:36] Injection Change: Injection rate decreased 2 ml/min
[2025-12-22 21:37:30] Injection Change: Injection rate increased 2 ml/min
[2025-12-22 21:32:39] Tank Refill: Backup Tank refill (at 78%)
[2025-12-22 21:31:56] System Alert: Switched to Backup Tank
[2025-12-22 21:30:42] Tank Refill: Backup Tank refill (at 70%)
[2025-12-22 21:30:32] System Alert: Switched to Backup Tank
[2025-12-22 21:30:21] Tank Refill: Main Tank refill (at 90%)
[2025-12-22 21:30:08] Tank Refill: Main Tank refill (at 78%)
[2025-12-22 21:26:56] Tank Refill: Backup Tank refill (at 77%)
[2025-12-22 21:26:47] System Alert: Switched to Backup Tank
[2025-12-22 21:26:21] System Alert: Switched to Backup Tank
[2025-12-22 21:26:05] System Alert: Switched to Backup Tank
[2025-12-22 21:26:01] System Alert: Switched to Backup Tank
[2025-12-22 21:25:58] System Alert: Switched to Backup Tank
[2025-12-22 21:25:53] Tank Refill: Backup Tank refill (at 78%)
[2025-12-22 21:25:41] System Alert: Switched to Backup Tank
[2025-12-22 21:25:31] Tank Refill: Main Tank refill (at 67%)
[2025-12-22 21:18:30] Tank Refill: Tank refill (at 70%)
[2025-12-22 21:17:54] Tank Refill: Tank refill (at 79%)
[2025-12-22 19:52:39] Safety Lock Trigger: Lock: TRIPPED (Emergency Stop)
[2025-12-22 19:42:39] Safety Lock Trigger: Lock: TRIPPED (Emergency Stop)
[2025-12-22 19:27:39] Safety Lock Trigger: Lock: TRIPPED (Emergency Stop)
[2025-12-22 18:44:39] Safety Lock Trigger: Lock: Normal
[2025-12-22 17:54:39] Injection Change: Injection rate increased 2 ml/min
[2025-12-22 15:31:39] Safety Lock Trigger: Lock: TRIPPED (Emergency Stop)
[2025-12-22 12:33:39] Safety Lock Trigger: Lock: Normal
[2025-12-22 09:57:39] Injection Change: Injection rate increased 2 ml/min
[2025-12-22 09:25:39] Injection Change: Injection rate increased 2 ml/min
[2025-12-22 08:18:39] Tank Refill: Tank refill (at 42%)
[2025-12-22 03:39:39] Safety Lock Trigger: Lock: TRIPPED (Emergency Stop)
[2025-12-22 03:27:39] Safety Lock Trigger: Lock: TRIPPED (Emergency Stop)
